<?xml version="1.0" encoding="UTF-8" ?>
<testsuite failures="0" time="41.218" errors="0" skipped="0" tests="6" name="com.skrill.RunCukesTest">
  <properties>
[...]
</properties>
  <testcase time="0" classname="Scenario: I log onto skrill as a referral user" name="Given I am on the skrill login page"/>
  <testcase time="0" classname="Scenario: I log onto skrill as a referral user" name="When I log in as as a \&quot;referral user\&quot;"/>
  <testcase time="0" classname="Scenario: I log onto skrill as a referral user" name="And I click the submit button"/>
  <testcase time="0" classname="Scenario: I log onto skrill as a referral user" name="Then I should see the Account Overview page"/>
  <testcase time="0" classname="Scenario: I log onto skrill as a referral user" name="And the user logs out"/>
  <testcase time="3.605" classname="Scenario: I log onto skrill as a referral user" name="Scenario: I log onto skrill as a referral user"/>
</testsuite>